<?xml version="1.0" encoding="UTF-8"?>
<!-- Generated by org.testng.reporters.JUnitReportReporter -->
<testsuite hostname="DESKTOP-EQ1TCP1" failures="0" tests="1" name="com.bridgelabz.LoginTest" time="176.541" errors="0" timestamp="2022-03-19T09:18:46 IST" skipped="0">
  <testcase classname="com.bridgelabz.LoginTest" name="liginTest" time="176.541"/>
</testsuite> <!-- com.bridgelabz.LoginTest -->
